12:17:30 [main] DEBUG o.a.h.c.p.RequestAddCookies - CookieSpec selected: default
12:17:30 [main] DEBUG o.a.h.c.p.RequestAuthCache - Auth cache not set in the context
12:17:30 [main] DEBUG o.a.h.i.c.PoolingHttpClientConnectionManager - Connection request: [route: {}->http://hangzhou-test.fpi-inc.site:80][total available: 1; route allocated: 1 of 2; total allocated: 1 of 20]
12:17:30 [main] DEBUG org.apache.http.wire - http-outgoing-0 << "end of stream"
12:17:30 [main] DEBUG o.a.h.i.c.DefaultManagedHttpClientConnection - http-outgoing-0: Close connection
12:17:30 [main] DEBUG o.a.h.i.c.PoolingHttpClientConnectionManager - Connection leased: [id: 1][route: {}->http://hangzhou-test.fpi-inc.site:80][total available: 0; route allocated: 1 of 2; total allocated: 1 of 20]
12:17:30 [main] DEBUG o.a.h.i.execchain.MainClientExec - Opening connection {}->http://hangzhou-test.fpi-inc.site:80
12:17:30 [main] DEBUG o.a.h.i.c.DefaultHttpClientConnectionOperator - Connecting to hangzhou-test.fpi-inc.site/118.178.150.178:80
12:17:30 [main] DEBUG o.a.h.i.c.DefaultHttpClientConnectionOperator - Connection established 10.191.20.184:1477<->118.178.150.178:80
12:17:30 [main] DEBUG o.a.h.i.c.DefaultManagedHttpClientConnection - http-outgoing-1: set socket timeout to 10000
12:17:30 [main] DEBUG o.a.h.i.execchain.MainClientExec - Executing request POST /bmp-device-manage-server/api/v1/device/add-device HTTP/1.1
12:17:30 [main] DEBUG o.a.h.i.execchain.MainClientExec - Target auth state: UNCHALLENGED
12:17:30 [main] DEBUG o.a.h.i.execchain.MainClientExec - Proxy auth state: UNCHALLENGED
12:17:30 [main] DEBUG org.apache.http.headers - http-outgoing-1 >> POST /bmp-device-manage-server/api/v1/device/add-device HTTP/1.1
12:17:30 [main] DEBUG org.apache.http.headers - http-outgoing-1 >> Content-Length: 681
12:17:30 [main] DEBUG org.apache.http.headers - http-outgoing-1 >> Content-Type: application/json
12:17:30 [main] DEBUG org.apache.http.headers - http-outgoing-1 >> Host: hangzhou-test.fpi-inc.site
12:17:30 [main] DEBUG org.apache.http.headers - http-outgoing-1 >> Connection: Keep-Alive
12:17:30 [main] DEBUG org.apache.http.headers - http-outgoing-1 >> User-Agent: Apache-HttpClient/4.5.12 (Java/12)
12:17:30 [main] DEBUG org.apache.http.headers - http-outgoing-1 >> Accept-Encoding: gzip,deflate
12:17:30 [main] DEBUG org.apache.http.wire - http-outgoing-1 >> "POST /bmp-device-manage-server/api/v1/device/add-device HTTP/1.1[\r][\n]"
12:17:30 [main] DEBUG org.apache.http.wire - http-outgoing-1 >> "Content-Length: 681[\r][\n]"
12:17:30 [main] DEBUG org.apache.http.wire - http-outgoing-1 >> "Content-Type: application/json[\r][\n]"
12:17:30 [main] DEBUG org.apache.http.wire - http-outgoing-1 >> "Host: hangzhou-test.fpi-inc.site[\r][\n]"
12:17:30 [main] DEBUG org.apache.http.wire - http-outgoing-1 >> "Connection: Keep-Alive[\r][\n]"
12:17:30 [main] DEBUG org.apache.http.wire - http-outgoing-1 >> "User-Agent: Apache-HttpClient/4.5.12 (Java/12)[\r][\n]"
12:17:30 [main] DEBUG org.apache.http.wire - http-outgoing-1 >> "Accept-Encoding: gzip,deflate[\r][\n]"
12:17:30 [main] DEBUG org.apache.http.wire - http-outgoing-1 >> "[\r][\n]"
12:17:30 [main] DEBUG org.apache.http.wire - http-outgoing-1 >> "{"basicAttrVoMap":{"deviceName":{"basicAttrValue":"[0xe5][0xb8][0xb8][0xe8][0xa7][0x84][0xe4][0xba][0x94][0xe5][0x8f][0x82][0xe6][0x95][0xb0][0xe5][0x88][0x86][0xe6][0x9e][0x90][0xe4][0xbb][0xaa]"}},"deviceCommonNameAttrs":{"deviceCode":"[0xe5][0xb8][0xb8][0xe8][0xa7][0x84][0xe4][0xba][0x94][0xe5][0x8f][0x82][0xe6][0x95][0xb0][0xe6][0xb0][0xb4][0xe8][0xb4][0xa8][0xe8][0x87][0xaa][0xe5][0x8a][0xa8][0xe5][0x88][0x86][0xe6][0x9e][0x90][0xe4][0xbb][0xaa][0xef][0xbc][0x88][0xe6][0xb5][0x8a][0xe5][0xba][0xa6][0xef][0xbc][0x89]","deviceTypeName":"[0xe6][0xb0][0xb4]","manufacturerName":"[0xe5][0x9b][0x9b][0xe5][0xb7][0x9d][0xe4][0xb9][0x85][0xe7][0x8e][0xaf][0xe7][0x8e][0xaf][0xe5][0xa2][0x83][0xe6][0x8a][0x80][0xe6][0x9c][0xaf][0xe6][0x9c][0x89][0xe9][0x99][0x90][0xe8][0xb4][0xa3][0xe4][0xbb][0xbb][0xe5][0x85][0xac][0xe5][0x8f][0xb8]"},"extendAttrVoMap":{"reagent":{"extendAttrValuesMapList":[{"reagentname":{"subAttrValue":"[0xe6][0xa0][0x87][0xe5][0x87][0x86][0xe6][0xba][0xb6][0xe6][0xb6][0xb2]"}}]},"factor":{"extendAttrValuesMapList":[{"detectionType":{"subAttrValue":"[0xe5][0xb8][0xb8][0xe8][0xa7][0x84][0xe7][0x9b][0x91][0xe6][0xb5][0x8b][0xe9][0xa1][0xb9]"},"unit":{"subAttrValue":"NTU"},"factorCode":{"subAttrValue":"w01003"},"analysisMethod":{"subAttrValue":"90[0xe5][0xba][0xa6][0xe6][0x95][0xa3][0xe5][0xb0][0x84][0xe6][0xb3][0x95]"},"highLimit":{"subAttrValue":"/"},"lowerLimit":{"subAttrValue":"/"},"detectionLimit":{"subAttrValue":"/"}}]}}}"
12:17:30 [main] DEBUG org.apache.http.wire - http-outgoing-1 << "HTTP/1.1 200 [\r][\n]"
12:17:30 [main] DEBUG org.apache.http.wire - http-outgoing-1 << "Server: nginx/1.15.8[\r][\n]"
12:17:30 [main] DEBUG org.apache.http.wire - http-outgoing-1 << "Date: Wed, 14 Oct 2020 12:17:29 GMT[\r][\n]"
12:17:30 [main] DEBUG org.apache.http.wire - http-outgoing-1 << "Content-Type: application/json;charset=UTF-8[\r][\n]"
12:17:30 [main] DEBUG org.apache.http.wire - http-outgoing-1 << "Transfer-Encoding: chunked[\r][\n]"
12:17:30 [main] DEBUG org.apache.http.wire - http-outgoing-1 << "Connection: keep-alive[\r][\n]"
12:17:30 [main] DEBUG org.apache.http.wire - http-outgoing-1 << "Vary: Accept-Encoding[\r][\n]"
12:17:30 [main] DEBUG org.apache.http.wire - http-outgoing-1 << "Set-Cookie: rememberMe=deleteMe; Path=/bmp-device-manage-server; Max-Age=0; Expires=Tue, 13-Oct-2020 12:17:29 GMT[\r][\n]"
12:17:30 [main] DEBUG org.apache.http.wire - http-outgoing-1 << "Content-Encoding: gzip[\r][\n]"
12:17:30 [main] DEBUG org.apache.http.wire - http-outgoing-1 << "[\r][\n]"
12:17:30 [main] DEBUG org.apache.http.wire - http-outgoing-1 << "72[\r][\n]"
12:17:30 [main] DEBUG org.apache.http.wire - http-outgoing-1 << "[0x1f][0x8b][0x8][0x0][0x0][0x0][0x0][0x0][0x0][0x3][0xaa]V*J-,M-.[0xf1]LQ[0xb2][0xca]+[0xcd][0xc9][0xd1]Q*.MNN-.V[0xb2]JK[0xcc])N[0xd5]QJ[0xce]OIU[0xb2]RJI,I[0x8c]O[0xcc])JML[0xa9][0x8c]O[0xad][0xc8],.[0x89]O-*[0xca]/R[0xd2]Q[0xca][0x5]*OL[0x7])z6u[0xc3][0xb3][0xde]uO[0xb7]oz[0xbe][0xbb][0xff][0xe9][0xda][0x19]O[0xe7][0xac]P[0xaa][0x5][0x0][0x0][0x0][0xff][0xff][\r][\n]"
12:17:30 [main] DEBUG org.apache.http.headers - http-outgoing-1 << HTTP/1.1 200 
12:17:30 [main] DEBUG org.apache.http.headers - http-outgoing-1 << Server: nginx/1.15.8
12:17:30 [main] DEBUG org.apache.http.headers - http-outgoing-1 << Date: Wed, 14 Oct 2020 12:17:29 GMT
12:17:30 [main] DEBUG org.apache.http.headers - http-outgoing-1 << Content-Type: application/json;charset=UTF-8
12:17:30 [main] DEBUG org.apache.http.headers - http-outgoing-1 << Transfer-Encoding: chunked
12:17:30 [main] DEBUG org.apache.http.headers - http-outgoing-1 << Connection: keep-alive
12:17:30 [main] DEBUG org.apache.http.headers - http-outgoing-1 << Vary: Accept-Encoding
12:17:30 [main] DEBUG org.apache.http.headers - http-outgoing-1 << Set-Cookie: rememberMe=deleteMe; Path=/bmp-device-manage-server; Max-Age=0; Expires=Tue, 13-Oct-2020 12:17:29 GMT
12:17:30 [main] DEBUG org.apache.http.headers - http-outgoing-1 << Content-Encoding: gzip
12:17:30 [main] DEBUG o.a.h.i.execchain.MainClientExec - Connection can be kept alive indefinitely
12:17:30 [main] DEBUG o.a.h.c.p.ResponseProcessCookies - Cookie accepted [rememberMe="deleteMe", version:0, domain:hangzhou-test.fpi-inc.site, path:/bmp-device-manage-server, expiry:Tue Oct 13 20:17:29 CST 2020]
12:17:30 [main] DEBUG org.apache.http.wire - http-outgoing-1 << "a[\r][\n]"
12:17:30 [main] DEBUG org.apache.http.wire - http-outgoing-1 << "[0x3][0x0]q[0xdd][0x88][0x5]c[0x0][0x0][0x0][\r][\n]"
12:17:30 [main] DEBUG org.apache.http.wire - http-outgoing-1 << "0[\r][\n]"
12:17:30 [main] DEBUG org.apache.http.wire - http-outgoing-1 << "[\r][\n]"
12:17:30 [main] DEBUG o.a.h.i.c.PoolingHttpClientConnectionManager - Connection [id: 1][route: {}->http://hangzhou-test.fpi-inc.site:80] can be kept alive indefinitely
12:17:30 [main] DEBUG o.a.h.i.c.DefaultManagedHttpClientConnection - http-outgoing-1: set socket timeout to 0
12:17:30 [main] DEBUG o.a.h.i.c.PoolingHttpClientConnectionManager - Connection released: [id: 1][route: {}->http://hangzhou-test.fpi-inc.site:80][total available: 1; route allocated: 1 of 2; total allocated: 1 of 20]
12:17:30 [main] DEBUG o.a.h.c.p.RequestAddCookies - CookieSpec selected: default
12:17:30 [main] DEBUG o.a.h.c.p.RequestAuthCache - Auth cache not set in the context
12:17:30 [main] DEBUG o.a.h.i.c.PoolingHttpClientConnectionManager - Connection request: [route: {}->http://hangzhou-test.fpi-inc.site:80][total available: 1; route allocated: 1 of 2; total allocated: 1 of 20]
12:17:30 [main] DEBUG o.a.h.i.c.PoolingHttpClientConnectionManager - Connection leased: [id: 1][route: {}->http://hangzhou-test.fpi-inc.site:80][total available: 0; route allocated: 1 of 2; total allocated: 1 of 20]
12:17:30 [main] DEBUG o.a.h.i.c.DefaultManagedHttpClientConnection - http-outgoing-1: set socket timeout to 0
12:17:30 [main] DEBUG o.a.h.i.c.DefaultManagedHttpClientConnection - http-outgoing-1: set socket timeout to 10000
12:17:30 [main] DEBUG o.a.h.i.execchain.MainClientExec - Executing request POST /bmp-device-manage-server/api/v1/device/add-device HTTP/1.1
12:17:30 [main] DEBUG o.a.h.i.execchain.MainClientExec - Target auth state: UNCHALLENGED
12:17:30 [main] DEBUG o.a.h.i.execchain.MainClientExec - Proxy auth state: UNCHALLENGED
12:17:30 [main] DEBUG org.apache.http.headers - http-outgoing-1 >> POST /bmp-device-manage-server/api/v1/device/add-device HTTP/1.1
12:17:30 [main] DEBUG org.apache.http.headers - http-outgoing-1 >> Content-Length: 671
12:17:30 [main] DEBUG org.apache.http.headers - http-outgoing-1 >> Content-Type: application/json
12:17:30 [main] DEBUG org.apache.http.headers - http-outgoing-1 >> Host: hangzhou-test.fpi-inc.site
12:17:30 [main] DEBUG org.apache.http.headers - http-outgoing-1 >> Connection: Keep-Alive
12:17:30 [main] DEBUG org.apache.http.headers - http-outgoing-1 >> User-Agent: Apache-HttpClient/4.5.12 (Java/12)
12:17:30 [main] DEBUG org.apache.http.headers - http-outgoing-1 >> Accept-Encoding: gzip,deflate
12:17:30 [main] DEBUG org.apache.http.wire - http-outgoing-1 >> "POST /bmp-device-manage-server/api/v1/device/add-device HTTP/1.1[\r][\n]"
12:17:30 [main] DEBUG org.apache.http.wire - http-outgoing-1 >> "Content-Length: 671[\r][\n]"
12:17:30 [main] DEBUG org.apache.http.wire - http-outgoing-1 >> "Content-Type: application/json[\r][\n]"
12:17:30 [main] DEBUG org.apache.http.wire - http-outgoing-1 >> "Host: hangzhou-test.fpi-inc.site[\r][\n]"
12:17:30 [main] DEBUG org.apache.http.wire - http-outgoing-1 >> "Connection: Keep-Alive[\r][\n]"
12:17:30 [main] DEBUG org.apache.http.wire - http-outgoing-1 >> "User-Agent: Apache-HttpClient/4.5.12 (Java/12)[\r][\n]"
12:17:30 [main] DEBUG org.apache.http.wire - http-outgoing-1 >> "Accept-Encoding: gzip,deflate[\r][\n]"
12:17:30 [main] DEBUG org.apache.http.wire - http-outgoing-1 >> "[\r][\n]"
12:17:30 [main] DEBUG org.apache.http.wire - http-outgoing-1 >> "{"basicAttrVoMap":{"deviceName":{"basicAttrValue":"[0xe5][0xb8][0xb8][0xe8][0xa7][0x84][0xe4][0xba][0x94][0xe5][0x8f][0x82][0xe6][0x95][0xb0][0xe5][0x88][0x86][0xe6][0x9e][0x90][0xe4][0xbb][0xaa]"}},"deviceCommonNameAttrs":{"deviceCode":"[0xe5][0xb8][0xb8][0xe8][0xa7][0x84][0xe4][0xba][0x94][0xe5][0x8f][0x82][0xe6][0x95][0xb0][0xe6][0xb0][0xb4][0xe8][0xb4][0xa8][0xe8][0x87][0xaa][0xe5][0x8a][0xa8][0xe5][0x88][0x86][0xe6][0x9e][0x90][0xe4][0xbb][0xaa][0xef][0xbc][0x88][0xe7][0x94][0xb5][0xe5][0xaf][0xbc][0xe7][0x8e][0x87][0xef][0xbc][0x89]","deviceTypeName":"[0xe6][0xb0][0xb4]","manufacturerName":"[0xe5][0x9b][0x9b][0xe5][0xb7][0x9d][0xe4][0xb9][0x85][0xe7][0x8e][0xaf][0xe7][0x8e][0xaf][0xe5][0xa2][0x83][0xe6][0x8a][0x80][0xe6][0x9c][0xaf][0xe6][0x9c][0x89][0xe9][0x99][0x90][0xe8][0xb4][0xa3][0xe4][0xbb][0xbb][0xe5][0x85][0xac][0xe5][0x8f][0xb8]"},"extendAttrVoMap":{"reagent":{"extendAttrValuesMapList":[{"reagentname":{"subAttrValue":"/"}}]},"factor":{"extendAttrValuesMapList":[{"detectionType":{"subAttrValue":"[0xe5][0xb8][0xb8][0xe8][0xa7][0x84][0xe7][0x9b][0x91][0xe6][0xb5][0x8b][0xe9][0xa1][0xb9]"},"unit":{"subAttrValue":"[0xce][0xbc]S/cm"},"factorCode":{"subAttrValue":"w01014"},"analysisMethod":{"subAttrValue":"[0xe7][0x94][0xb5][0xe6][0x9e][0x81][0xe6][0xb3][0x95]"},"highLimit":{"subAttrValue":"/"},"lowerLimit":{"subAttrValue":"/"},"detectionLimit":{"subAttrValue":"/"}}]}}}"
12:17:30 [main] DEBUG org.apache.http.wire - http-outgoing-1 << "HTTP/1.1 200 [\r][\n]"
12:17:30 [main] DEBUG org.apache.http.wire - http-outgoing-1 << "Server: nginx/1.15.8[\r][\n]"
12:17:30 [main] DEBUG org.apache.http.wire - http-outgoing-1 << "Date: Wed, 14 Oct 2020 12:17:29 GMT[\r][\n]"
12:17:30 [main] DEBUG org.apache.http.wire - http-outgoing-1 << "Content-Type: application/json;charset=UTF-8[\r][\n]"
12:17:30 [main] DEBUG org.apache.http.wire - http-outgoing-1 << "Transfer-Encoding: chunked[\r][\n]"
12:17:30 [main] DEBUG org.apache.http.wire - http-outgoing-1 << "Connection: keep-alive[\r][\n]"
12:17:30 [main] DEBUG org.apache.http.wire - http-outgoing-1 << "Vary: Accept-Encoding[\r][\n]"
12:17:30 [main] DEBUG org.apache.http.wire - http-outgoing-1 << "Set-Cookie: rememberMe=deleteMe; Path=/bmp-device-manage-server; Max-Age=0; Expires=Tue, 13-Oct-2020 12:17:29 GMT[\r][\n]"
12:17:30 [main] DEBUG org.apache.http.wire - http-outgoing-1 << "Content-Encoding: gzip[\r][\n]"
12:17:30 [main] DEBUG org.apache.http.wire - http-outgoing-1 << "[\r][\n]"
12:17:30 [main] DEBUG org.apache.http.wire - http-outgoing-1 << "72[\r][\n]"
12:17:30 [main] DEBUG org.apache.http.wire - http-outgoing-1 << "[0x1f][0x8b][0x8][0x0][0x0][0x0][0x0][0x0][0x0][0x3][0xaa]V*J-,M-.[0xf1]LQ[0xb2][0xca]+[0xcd][0xc9][0xd1]Q*.MNN-.V[0xb2]JK[0xcc])N[0xd5]QJ[0xce]OIU[0xb2]RJI,I[0x8c]O[0xcc])JML[0xa9][0x8c]O[0xad][0xc8],.[0x89]O-*[0xca]/R[0xd2]Q[0xca][0x5]*OL[0x7])z6u[0xc3][0xb3][0xde]uO[0xb7]oz[0xbe][0xbb][0xff][0xe9][0xda][0x19]O[0xe7][0xac]P[0xaa][0x5][0x0][0x0][0x0][0xff][0xff][\r][\n]"
12:17:30 [main] DEBUG org.apache.http.headers - http-outgoing-1 << HTTP/1.1 200 
12:17:30 [main] DEBUG org.apache.http.headers - http-outgoing-1 << Server: nginx/1.15.8
12:17:30 [main] DEBUG org.apache.http.headers - http-outgoing-1 << Date: Wed, 14 Oct 2020 12:17:29 GMT
12:17:30 [main] DEBUG org.apache.http.headers - http-outgoing-1 << Content-Type: application/json;charset=UTF-8
12:17:30 [main] DEBUG org.apache.http.headers - http-outgoing-1 << Transfer-Encoding: chunked
12:17:30 [main] DEBUG org.apache.http.headers - http-outgoing-1 << Connection: keep-alive
12:17:30 [main] DEBUG org.apache.http.headers - http-outgoing-1 << Vary: Accept-Encoding
12:17:30 [main] DEBUG org.apache.http.headers - http-outgoing-1 << Set-Cookie: rememberMe=deleteMe; Path=/bmp-device-manage-server; Max-Age=0; Expires=Tue, 13-Oct-2020 12:17:29 GMT
12:17:30 [main] DEBUG org.apache.http.headers - http-outgoing-1 << Content-Encoding: gzip
12:17:30 [main] DEBUG o.a.h.i.execchain.MainClientExec - Connection can be kept alive indefinitely
12:17:30 [main] DEBUG o.a.h.c.p.ResponseProcessCookies - Cookie accepted [rememberMe="deleteMe", version:0, domain:hangzhou-test.fpi-inc.site, path:/bmp-device-manage-server, expiry:Tue Oct 13 20:17:29 CST 2020]
12:17:30 [main] DEBUG org.apache.http.wire - http-outgoing-1 << "a[\r][\n]"
12:17:30 [main] DEBUG org.apache.http.wire - http-outgoing-1 << "[0x3][0x0]q[0xdd][0x88][0x5]c[0x0][0x0][0x0][\r][\n]"
12:17:30 [main] DEBUG org.apache.http.wire - http-outgoing-1 << "0[\r][\n]"
12:17:30 [main] DEBUG org.apache.http.wire - http-outgoing-1 << "[\r][\n]"
12:17:30 [main] DEBUG o.a.h.i.c.PoolingHttpClientConnectionManager - Connection [id: 1][route: {}->http://hangzhou-test.fpi-inc.site:80] can be kept alive indefinitely
12:17:30 [main] DEBUG o.a.h.i.c.DefaultManagedHttpClientConnection - http-outgoing-1: set socket timeout to 0
12:17:30 [main] DEBUG o.a.h.i.c.PoolingHttpClientConnectionManager - Connection released: [id: 1][route: {}->http://hangzhou-test.fpi-inc.site:80][total available: 1; route allocated: 1 of 2; total allocated: 1 of 20]
